{
  "stats": {
    "suites": 1,
    "tests": 1,
    "passes": 0,
    "pending": 0,
    "failures": 1,
    "start": "2026-05-17T21:33:52.570Z",
    "end": "2026-05-17T21:34:03.301Z",
    "duration": 10731,
    "testsRegistered": 1,
    "passPercent": 0,
    "pendingPercent": 0,
    "other": 0,
    "hasOther": false,
    "skipped": 0,
    "hasSkipped": false
  },
  "results": [
    {
      "uuid": "5549d36e-1b3b-4d4d-9222-9d807eb729bf",
      "title": "",
      "fullFile": "cypress\\e2e\\carrinho.cy.js",
      "file": "cypress\\e2e\\carrinho.cy.js",
      "beforeHooks": [],
      "afterHooks": [],
      "tests": [],
      "suites": [
        {
          "uuid": "008cd8ba-e031-4881-b306-2fb9bb8e4b59",
          "title": "CT-002 - Consistência no cálculo e soma do carrinho de compras",
          "fullFile": "",
          "file": "",
          "beforeHooks": [],
          "afterHooks": [],
          "tests": [
            {
              "title": "Deve adicionar produtos clicando múltiplas vezes e calcular o total correto de R$ 500,00",
              "fullTitle": "CT-002 - Consistência no cálculo e soma do carrinho de compras Deve adicionar produtos clicando múltiplas vezes e calcular o total correto de R$ 500,00",
              "timedOut": null,
              "duration": 7747,
              "state": "failed",
              "speed": null,
              "pass": false,
              "fail": true,
              "pending": false,
              "context": null,
              "code": "// --- ADICIONANDO O VASO DE BARRO (2 Unidades = R$ 400,00) ---\n// Encontra o container ou texto do Vaso de Barro e garante que ele carregou na tela\ncy.contains(/Vaso de Barro/i).scrollIntoView().should('be.visible');\n// Simula dois cliques seguidos para colocar duas unidades no carrinho\ncy.contains(/Adicionar/i).click();\ncy.contains(/Adicionar/i).click();\n// --- ADICIONANDO A BOLSA (1 Unidade = R$ 100,00) ---\n// Encontra o texto da Bolsa na vitrine\ncy.contains(/Bolsa/i).scrollIntoView().should('be.visible');\n// Clica uma vez para adicionar uma unidade\ncy.contains(/Adicionar/i).click();\n// --- VALIDAÇÃO DO TOTAL NO CARRINHO ---\n// Redireciona para a tela de finalização/carrinho onde a somatória é exibida\ncy.visit('http://localhost:5173/carrinho');\ncy.wait(1000);\n// CRITÉRIO DE SUCESSO: Verifica se a somatória final exibe exatamente R$ 500,00\ncy.contains(/500,00/).should('be.visible');",
              "err": {
                "message": "AssertionError: Timed out retrying after 4000ms: Expected to find content: '/Vaso de Barro/i' but never did.",
                "estack": "AssertionError: Timed out retrying after 4000ms: Expected to find content: '/Vaso de Barro/i' but never did.\n    at Context.eval (webpack://sorrisocerrado-vite/./cypress/e2e/carrinho.cy.js:15:7)",
                "diff": null
              },
              "uuid": "43bf5dea-6e8c-43b7-9021-b1091272f9b3",
              "parentUUID": "008cd8ba-e031-4881-b306-2fb9bb8e4b59",
              "isHook": false,
              "skipped": false
            }
          ],
          "suites": [],
          "passes": [],
          "failures": [
            "43bf5dea-6e8c-43b7-9021-b1091272f9b3"
          ],
          "pending": [],
          "skipped": [],
          "duration": 7747,
          "root": false,
          "rootEmpty": false,
          "_timeout": 2000
        }
      ],
      "passes": [],
      "failures": [],
      "pending": [],
      "skipped": [],
      "duration": 0,
      "root": true,
      "rootEmpty": true,
      "_timeout": 2000
    }
  ],
  "meta": {
    "mocha": {
      "version": "7.2.0"
    },
    "mochawesome": {
      "options": {
        "quiet": false,
        "reportFilename": "mochawesome",
        "saveHtml": true,
        "saveJson": true,
        "consoleReporter": "spec",
        "useInlineDiffs": false,
        "code": true
      },
      "version": "7.1.4"
    },
    "marge": {
      "options": {
        "reportDir": "cypress/reports",
        "overwrite": false,
        "html": true,
        "json": true
      },
      "version": "6.3.2"
    }
  }
}